This is pdfTeX, Version 3.14159265-2.6-1.40.15 (TeX Live 2014/Arch Linux) (preloaded format=pdflatex 2015.4.15)  26 MAY 2015 14:50
entering extended mode
 restricted \write18 enabled.
 %&-line parsing enabled.
**/home/shark/Dropbox/PhD/thesis/fig/creutz_ladder/disp_single/disp_single.tex
(/home/shark/Dropbox/PhD/thesis/fig/creutz_ladder/disp_single/disp_single.tex
LaTeX2e <2014/05/01>
Babel <3.9l> and hyphenation patterns for 79 languages loaded.

! LaTeX Error: Missing \begin{document}.

See the LaTeX manual or LaTeX Companion for explanation.
Type  H <return>  for immediate help.
 ...                                              
                                                  
l.1 S
     tringJoin[Join[Take[{}, 2]<>, \usepackage{amsmath,amssymb}, Drop[{}, 2]...
 
Here is how much of TeX's memory you used:
 7 strings out of 493109
 529 string characters out of 6140856
 52967 words of memory out of 5000000
 3570 multiletter control sequences out of 15000+600000
 3640 words of font info for 14 fonts, out of 8000000 for 9000
 1141 hyphenation exceptions out of 8191
 5i,0n,4p,155b,14s stack positions out of 5000i,500n,10000p,200000b,80000s
!  ==> Fatal error occurred, no output PDF file produced!
